{
"tests/unit/support/unicode.js":{"path":"tests/unit/support/unicode.js","s":{"1":1,"2":1,"3":0,"4":0,"5":0,"6":1,"7":1,"8":1,"9":1,"10":1,"11":1,"12":1,"13":1},"b":{"1":[0,1],"2":[1,0],"3":[0,0],"4":[1,0],"5":[1,1]},"f":{"1":1,"2":1,"3":1,"4":1},"fnMap":{"1":{"name":"(anonymous_1)","line":1,"loc":{"start":{"line":1,"column":28},"end":{"line":1,"column":53}},"skip":true},"2":{"name":"(anonymous_2)","line":8,"loc":{"start":{"line":8,"column":27},"end":{"line":8,"column":55}}},"3":{"name":"(anonymous_3)","line":9,"loc":{"start":{"line":9,"column":15},"end":{"line":9,"column":27}}},"4":{"name":"ಠ_ಠ","line":10,"loc":{"start":{"line":10,"column":8},"end":{"line":10,"column":23}}}},"statementMap":{"1":{"start":{"line":1,"column":0},"end":{"line":17,"column":3}},"2":{"start":{"line":2,"column":4},"end":{"line":7,"column":5},"skip":true},"3":{"start":{"line":3,"column":8},"end":{"line":3,"column":42},"skip":true},"4":{"start":{"line":3,"column":43},"end":{"line":3,"column":83},"skip":true},"5":{"start":{"line":3,"column":64},"end":{"line":3,"column":83},"skip":true},"6":{"start":{"line":5,"column":9},"end":{"line":7,"column":5},"skip":true},"7":{"start":{"line":6,"column":8},"end":{"line":6,"column":30},"skip":true},"8":{"start":{"line":9,"column":4},"end":{"line":14,"column":9}},"9":{"start":{"line":10,"column":8},"end":{"line":12,"column":9}},"10":{"start":{"line":11,"column":12},"end":{"line":11,"column":29}},"11":{"start":{"line":13,"column":8},"end":{"line":13,"column":19}},"12":{"start":{"line":15,"column":4},"end":{"line":15,"column":27}},"13":{"start":{"line":16,"column":4},"end":{"line":16,"column":18}}},"branchMap":{"1":{"line":2,"type":"if","locations":[{"start":{"line":2,"column":4},"end":{"line":2,"column":4},"skip":true},{"start":{"line":2,"column":4},"end":{"line":2,"column":4},"skip":true}]},"2":{"line":2,"type":"binary-expr","locations":[{"start":{"line":2,"column":8},"end":{"line":2,"column":34},"skip":true},{"start":{"line":2,"column":38},"end":{"line":2,"column":72},"skip":true}]},"3":{"line":3,"type":"if","locations":[{"start":{"line":3,"column":43},"end":{"line":3,"column":43},"skip":true},{"start":{"line":3,"column":43},"end":{"line":3,"column":43},"skip":true}]},"4":{"line":5,"type":"if","locations":[{"start":{"line":5,"column":9},"end":{"line":5,"column":9},"skip":true},{"start":{"line":5,"column":9},"end":{"line":5,"column":9},"skip":true}]},"5":{"line":5,"type":"binary-expr","locations":[{"start":{"line":5,"column":13},"end":{"line":5,"column":41},"skip":true},{"start":{"line":5,"column":45},"end":{"line":5,"column":55},"skip":true}]}},"l":{"1":1,"2":1,"3":1,"5":1,"6":1,"9":1,"10":1,"11":1,"13":1,"15":1,"16":1}}}
