{"tests/unit/support/importnontrans.js":{"path":"tests/unit/support/importnontrans.js","s":{"1":1,"2":1,"3":1,"4":1,"5":1,"6":0,"7":0,"8":1,"9":1,"10":1,"11":0,"12":0,"13":0},"b":{"1":[1,0],"2":[1,1],"3":[1,0],"4":[0,0],"5":[0,0],"6":[0,0]},"f":{"1":1,"2":1,"3":0},"fnMap":{"1":{"name":"(anonymous_1)","line":1,"loc":{"start":{"line":1,"column":1},"end":{"line":1,"column":20}}},"2":{"name":"(anonymous_2)","line":8,"loc":{"start":{"line":8,"column":3},"end":{"line":8,"column":31}}},"3":{"name":"(anonymous_3)","line":11,"loc":{"start":{"line":11,"column":11},"end":{"line":11,"column":23}}}},"statementMap":{"1":{"start":{"line":1,"column":0},"end":{"line":19,"column":3}},"2":{"start":{"line":2,"column":4},"end":{"line":7,"column":5}},"3":{"start":{"line":3,"column":8},"end":{"line":3,"column":42}},"4":{"start":{"line":3,"column":43},"end":{"line":3,"column":83}},"5":{"start":{"line":3,"column":64},"end":{"line":3,"column":83}},"6":{"start":{"line":5,"column":9},"end":{"line":7,"column":5}},"7":{"start":{"line":6,"column":8},"end":{"line":6,"column":57}},"8":{"start":{"line":9,"column":4},"end":{"line":9,"column":31}},"9":{"start":{"line":10,"column":4},"end":{"line":10,"column":26}},"10":{"start":{"line":11,"column":4},"end":{"line":18,"column":6}},"11":{"start":{"line":12,"column":8},"end":{"line":17,"column":9}},"12":{"start":{"line":13,"column":12},"end":{"line":13,"column":31}},"13":{"start":{"line":16,"column":12},"end":{"line":16,"column":36}}},"branchMap":{"1":{"line":2,"type":"if","locations":[{"start":{"line":2,"column":4},"end":{"line":2,"column":4}},{"start":{"line":2,"column":4},"end":{"line":2,"column":4}}]},"2":{"line":2,"type":"binary-expr","locations":[{"start":{"line":2,"column":8},"end":{"line":2,"column":34}},{"start":{"line":2,"column":38},"end":{"line":2,"column":72}}]},"3":{"line":3,"type":"if","locations":[{"start":{"line":3,"column":43},"end":{"line":3,"column":43}},{"start":{"line":3,"column":43},"end":{"line":3,"column":43}}]},"4":{"line":5,"type":"if","locations":[{"start":{"line":5,"column":9},"end":{"line":5,"column":9}},{"start":{"line":5,"column":9},"end":{"line":5,"column":9}}]},"5":{"line":5,"type":"binary-expr","locations":[{"start":{"line":5,"column":13},"end":{"line":5,"column":41}},{"start":{"line":5,"column":45},"end":{"line":5,"column":55}}]},"6":{"line":12,"type":"if","locations":[{"start":{"line":12,"column":8},"end":{"line":12,"column":8}},{"start":{"line":12,"column":8},"end":{"line":12,"column":8}}]}}},"tests/unit/support/foo.js":{"path":"tests/unit/support/foo.js","s":{"1":1,"2":1},"b":{},"f":{"1":1},"fnMap":{"1":{"name":"(anonymous_1)","line":1,"loc":{"start":{"line":1,"column":14},"end":{"line":1,"column":26}}}},"statementMap":{"1":{"start":{"line":1,"column":0},"end":{"line":3,"column":2}},"2":{"start":{"line":2,"column":1},"end":{"line":2,"column":14}}},"branchMap":{}}}